<?xml version="1.0" encoding="UTF-8"?>
<!-- Generated by org.testng.reporters.JUnitReportReporter -->
<testsuite hostname="MKOKANE10A" failures="0" tests="3" name="com.prjct.qa.testcases.LoginpageTest" time="42.959" errors="0" timestamp="2024-06-18T13:07:14 IST" skipped="0">
  <testcase classname="com.prjct.qa.testcases.LoginpageTest" name="loginpagetitletest" time="20.758"/>
  <testcase classname="com.prjct.qa.testcases.LoginpageTest" name="crmlogotest" time="6.762"/>
  <testcase classname="com.prjct.qa.testcases.LoginpageTest" name="loginTest" time="15.439"/>
</testsuite> <!-- com.prjct.qa.testcases.LoginpageTest -->
