<?xml version="1.0" encoding="UTF-8"?>
<!-- Generated by org.testng.reporters.JUnitReportReporter -->
<testsuite hostname="MKOKANE10A" failures="0" tests="3" name="com.prjct.qa.testcases.LoginpageTest" time="46.545" errors="0" timestamp="2024-06-18T13:11:24 IST" skipped="0">
  <testcase classname="com.prjct.qa.testcases.LoginpageTest" name="loginpagetitletest" time="11.910"/>
  <testcase classname="com.prjct.qa.testcases.LoginpageTest" name="crmlogotest" time="16.437"/>
  <testcase classname="com.prjct.qa.testcases.LoginpageTest" name="loginTest" time="18.198"/>
</testsuite> <!-- com.prjct.qa.testcases.LoginpageTest -->
