<?xml version="1.0" encoding="UTF-8"?>
<!-- Generated by org.testng.reporters.JUnitReportReporter -->
<testsuite hostname="MKOKANE10A" failures="0" tests="1" name="com.prjct.qa.testcases.HomepageTest" time="50.403" errors="0" timestamp="2024-06-18T13:11:24 IST" skipped="0">
  <testcase classname="com.prjct.qa.testcases.HomepageTest" name="clickVerifyFavoritesPageTitile" time="50.403"/>
</testsuite> <!-- com.prjct.qa.testcases.HomepageTest -->
